<?xml version="1.0" encoding="UTF-8"?>
<!-- Generated by org.testng.reporters.JUnitXMLReporter -->
<testsuite hostname="Deeksha-PC" ignored="1" name="Default test" tests="1" failures="0" timestamp="21 Sep 2019 13:20:19 GMT" time="18.405" errors="0">
  <testcase name="DropdownOtherThanAlreadySelectedWithUtilityMethods" time="18.372" classname="com.basic.test.DropdownOtherThanAlreadySelected"/>
  <testcase name="DropdownOtherThanAlreadySelected" time="0.0" classname="com.basic.test.DropdownOtherThanAlreadySelected">
    <ignored/>
  </testcase> <!-- DropdownOtherThanAlreadySelected -->
</testsuite> <!-- Default test -->
