<?xml version="1.0" encoding="UTF-8"?>
<!-- Generated by org.testng.reporters.JUnitXMLReporter -->
<testsuite hostname="INL-HXDLTC2" ignored="0" name="Execute all Classes and all test" tests="4" failures="0" timestamp="12 Jan 2019 07:36:08 GMT" time="226.384" errors="0">
  <testcase name="testWithParameter" time="51.134" classname="com.parameterization.test.WithParameter"/>
  <testcase name="testWithParameter" time="44.205" classname="com.parameterization.test.WithParameterSuiteLevel"/>
  <testcase name="findElementTest" time="68.5" classname="com.parameterization.test.TestNGXMLMultipleTest"/>
  <testcase name="findElementsTest" time="62.455" classname="com.parameterization.test.TestNGXMLMultipleTest"/>
</testsuite> <!-- Execute all Classes and all test -->
