<?xml version="1.0" encoding="UTF-8"?>
<!-- Generated by org.testng.reporters.JUnitXMLReporter -->
<testsuite hostname="INL-HXDLTC2" ignored="0" name="Execute all Classes and all test" tests="4" failures="0" timestamp="12 Jan 2019 08:22:28 GMT" time="137.242" errors="0">
  <testcase name="testWithParameter" time="60.242" classname="com.parameterization.test.WithParameterSuiteLevel"/>
  <testcase name="testWithParameter" time="65.335" classname="com.parameterization.test.WithParameter"/>
  <testcase name="findElementTest" time="76.618" classname="com.parameterization.test.TestNGXMLMultipleTest"/>
  <testcase name="findElementsTest" time="60.543" classname="com.parameterization.test.TestNGXMLMultipleTest"/>
</testsuite> <!-- Execute all Classes and all test -->
