<?xml version="1.0" encoding="UTF-8"?>
<!-- Generated by org.testng.reporters.JUnitXMLReporter -->
<testsuite hostname="INL-HXDLTC2" ignored="0" name="Free CRM login and SignUp" tests="2" failures="0" timestamp="12 Jan 2019 07:27:16 GMT" time="122.051" errors="0">
  <testcase name="findElementTest" time="64.444" classname="com.parameterization.test.TestNGXMLMultipleTest"/>
  <testcase name="findElementsTest" time="57.593" classname="com.parameterization.test.TestNGXMLMultipleTest"/>
</testsuite> <!-- Free CRM login and SignUp -->
